<?xml version="1.0" encoding="UTF-8"?>
<coverage generated="1697902171518" clover="3.2.0">
  <project timestamp="1697902171518" name="All files">
    <metrics statements="11" coveredstatements="10" conditionals="10" coveredconditionals="7" methods="1" coveredmethods="1" elements="22" coveredelements="18" complexity="0" loc="11" ncloc="11" packages="1" files="1" classes="1"/>
    <file name="timeString.js" path="/home/behrouzkarimi/CYF/CYF-Workshops-Behrouz-WM5/time-string/timeString.js">
      <metrics statements="11" coveredstatements="10" conditionals="10" coveredconditionals="7" methods="1" coveredmethods="1"/>
      <line num="2" count="8" type="stmt"/>
      <line num="3" count="8" type="stmt"/>
      <line num="9" count="8" type="cond" truecount="1" falsecount="1"/>
      <line num="10" count="8" type="cond" truecount="2" falsecount="2"/>
      <line num="11" count="0" type="stmt"/>
      <line num="13" count="8" type="cond" truecount="4" falsecount="0"/>
      <line num="14" count="3" type="stmt"/>
      <line num="17" count="5" type="stmt"/>
      <line num="25" count="1" type="stmt"/>
      <line num="26" count="1" type="stmt"/>
      <line num="28" count="1" type="stmt"/>
    </file>
  </project>
</coverage>
