{"/home/behrouzkarimi/CYF/CYF-Workshops-Behrouz-WM5/time-string/timeString.js": {"path":"/home/behrouzkarimi/CYF/CYF-Workshops-Behrouz-WM5/time-string/timeString.js","statementMap":{"0":{"start":{"line":2,"column":15},"end":{"line":2,"column":44}},"1":{"start":{"line":3,"column":23},"end":{"line":3,"column":42}},"2":{"start":{"line":9,"column":4},"end":{"line":18,"column":5}},"3":{"start":{"line":10,"column":4},"end":{"line":18,"column":5}},"4":{"start":{"line":11,"column":8},"end":{"line":11,"column":61}},"5":{"start":{"line":13,"column":9},"end":{"line":18,"column":5}},"6":{"start":{"line":14,"column":8},"end":{"line":14,"column":35}},"7":{"start":{"line":17,"column":9},"end":{"line":17,"column":43}},"8":{"start":{"line":25,"column":0},"end":{"line":25,"column":40}},"9":{"start":{"line":26,"column":0},"end":{"line":26,"column":42}},"10":{"start":{"line":28,"column":0},"end":{"line":28,"column":41}}},"fnMap":{"0":{"name":"formatAsSecondsAsString","decl":{"start":{"line":1,"column":9},"end":{"line":1,"column":32}},"loc":{"start":{"line":1,"column":37},"end":{"line":22,"column":1}},"line":1}},"branchMap":{"0":{"loc":{"start":{"line":9,"column":4},"end":{"line":18,"column":5}},"type":"if","locations":[{"start":{"line":9,"column":4},"end":{"line":18,"column":5}},{"start":{},"end":{}}],"line":9},"1":{"loc":{"start":{"line":10,"column":4},"end":{"line":18,"column":5}},"type":"if","locations":[{"start":{"line":10,"column":4},"end":{"line":18,"column":5}},{"start":{"line":13,"column":9},"end":{"line":18,"column":5}}],"line":10},"2":{"loc":{"start":{"line":10,"column":7},"end":{"line":10,"column":34}},"type":"binary-expr","locations":[{"start":{"line":10,"column":7},"end":{"line":10,"column":15}},{"start":{"line":10,"column":18},"end":{"line":10,"column":34}}],"line":10},"3":{"loc":{"start":{"line":13,"column":9},"end":{"line":18,"column":5}},"type":"if","locations":[{"start":{"line":13,"column":9},"end":{"line":18,"column":5}},{"start":{"line":16,"column":8},"end":{"line":18,"column":5}}],"line":13},"4":{"loc":{"start":{"line":13,"column":12},"end":{"line":13,"column":46}},"type":"binary-expr","locations":[{"start":{"line":13,"column":12},"end":{"line":13,"column":31}},{"start":{"line":13,"column":35},"end":{"line":13,"column":46}}],"line":13}},"s":{"0":8,"1":8,"2":8,"3":8,"4":0,"5":8,"6":3,"7":5,"8":1,"9":1,"10":1},"f":{"0":8},"b":{"0":[8,0],"1":[0,8],"2":[8,0],"3":[3,5],"4":[8,3]},"_coverageSchema":"1a1c01bbd47fc00a2c39e90264f33305004495a9","hash":"a01be090a0d1f1006305c91f76bf3681d361b0aa"}
}
